<?xml version="1.0" encoding="UTF-8"?>
<testsuite xmlns:xsi="http://www.w3.org/2001/XMLSchema-instance" xsi:noNamespaceSchemaLocation="https://maven.apache.org/surefire/maven-surefire-plugin/xsd/surefire-test-report-3.0.xsd" version="3.0" name="com.udacity.catpoint.security.service.SecurityServiceTest" time="0.857" tests="14" errors="0" skipped="0" failures="0">
  <properties>
    <property name="java.specification.version" value="17"/>
    <property name="sun.cpu.isalist" value="amd64"/>
    <property name="sun.jnu.encoding" value="Cp1252"/>
    <property name="java.class.path" value="C:\Users\fpt_ds_sqa\Downloads\catpoint-parent_bichvtn2\catpoint-parent\security-service\target\test-classes;C:\Users\fpt_ds_sqa\.m2\repository\software\amazon\awssdk\aws-json-protocol\2.27.2\aws-json-protocol-2.27.2.jar;C:\Users\fpt_ds_sqa\.m2\repository\software\amazon\awssdk\third-party-jackson-core\2.27.2\third-party-jackson-core-2.27.2.jar;C:\Users\fpt_ds_sqa\.m2\repository\software\amazon\awssdk\protocol-core\2.27.2\protocol-core-2.27.2.jar;C:\Users\fpt_ds_sqa\.m2\repository\software\amazon\awssdk\http-auth-aws\2.27.2\http-auth-aws-2.27.2.jar;C:\Users\fpt_ds_sqa\.m2\repository\software\amazon\awssdk\checksums-spi\2.27.2\checksums-spi-2.27.2.jar;C:\Users\fpt_ds_sqa\.m2\repository\software\amazon\awssdk\checksums\2.27.2\checksums-2.27.2.jar;C:\Users\fpt_ds_sqa\.m2\repository\org\reactivestreams\reactive-streams\1.0.4\reactive-streams-1.0.4.jar;C:\Users\fpt_ds_sqa\.m2\repository\software\amazon\awssdk\http-auth-spi\2.27.2\http-auth-spi-2.27.2.jar;C:\Users\fpt_ds_sqa\.m2\repository\software\amazon\awssdk\http-auth\2.27.2\http-auth-2.27.2.jar;C:\Users\fpt_ds_sqa\.m2\repository\software\amazon\awssdk\identity-spi\2.27.2\identity-spi-2.27.2.jar;C:\Users\fpt_ds_sqa\.m2\repository\software\amazon\awssdk\http-client-spi\2.27.2\http-client-spi-2.27.2.jar;C:\Users\fpt_ds_sqa\.m2\repository\software\amazon\awssdk\annotations\2.27.2\annotations-2.27.2.jar;C:\Users\fpt_ds_sqa\.m2\repository\software\amazon\awssdk\utils\2.27.2\utils-2.27.2.jar;C:\Users\fpt_ds_sqa\.m2\repository\software\amazon\awssdk\metrics-spi\2.27.2\metrics-spi-2.27.2.jar;C:\Users\fpt_ds_sqa\.m2\repository\software\amazon\awssdk\json-utils\2.27.2\json-utils-2.27.2.jar;C:\Users\fpt_ds_sqa\.m2\repository\software\amazon\awssdk\endpoints-spi\2.27.2\endpoints-spi-2.27.2.jar;C:\Users\fpt_ds_sqa\.m2\repository\software\amazon\awssdk\retries-spi\2.27.2\retries-spi-2.27.2.jar;C:\Users\fpt_ds_sqa\.m2\repository\software\amazon\awssdk\apache-client\2.27.2\apache-client-2.27.2.jar;C:\Users\fpt_ds_sqa\.m2\repository\org\apache\httpcomponents\httpclient\4.5.13\httpclient-4.5.13.jar;C:\Users\fpt_ds_sqa\.m2\repository\commons-logging\commons-logging\1.2\commons-logging-1.2.jar;C:\Users\fpt_ds_sqa\.m2\repository\org\apache\httpcomponents\httpcore\4.4.16\httpcore-4.4.16.jar;C:\Users\fpt_ds_sqa\.m2\repository\commons-codec\commons-codec\1.17.1\commons-codec-1.17.1.jar;C:\Users\fpt_ds_sqa\.m2\repository\software\amazon\awssdk\netty-nio-client\2.27.2\netty-nio-client-2.27.2.jar;C:\Users\fpt_ds_sqa\.m2\repository\io\netty\netty-codec-http\4.1.112.Final\netty-codec-http-4.1.112.Final.jar;C:\Users\fpt_ds_sqa\.m2\repository\io\netty\netty-codec-http2\4.1.112.Final\netty-codec-http2-4.1.112.Final.jar;C:\Users\fpt_ds_sqa\.m2\repository\io\netty\netty-codec\4.1.112.Final\netty-codec-4.1.112.Final.jar;C:\Users\fpt_ds_sqa\.m2\repository\io\netty\netty-transport\4.1.112.Final\netty-transport-4.1.112.Final.jar;C:\Users\fpt_ds_sqa\.m2\repository\io\netty\netty-common\4.1.112.Final\netty-common-4.1.112.Final.jar;C:\Users\fpt_ds_sqa\.m2\repository\io\netty\netty-buffer\4.1.112.Final\netty-buffer-4.1.112.Final.jar;C:\Users\fpt_ds_sqa\.m2\repository\io\netty\netty-handler\4.1.112.Final\netty-handler-4.1.112.Final.jar;C:\Users\fpt_ds_sqa\.m2\repository\io\netty\netty-transport-native-unix-common\4.1.112.Final\netty-transport-native-unix-common-4.1.112.Final.jar;C:\Users\fpt_ds_sqa\.m2\repository\io\netty\netty-transport-classes-epoll\4.1.112.Final\netty-transport-classes-epoll-4.1.112.Final.jar;C:\Users\fpt_ds_sqa\.m2\repository\io\netty\netty-resolver\4.1.112.Final\netty-resolver-4.1.112.Final.jar;C:\Users\fpt_ds_sqa\.m2\repository\software\amazon\awssdk\profiles\2.27.2\profiles-2.27.2.jar;C:\Users\fpt_ds_sqa\.m2\repository\software\amazon\awssdk\http-auth-aws-eventstream\2.27.2\http-auth-aws-eventstream-2.27.2.jar;C:\Users\fpt_ds_sqa\.m2\repository\software\amazon\eventstream\eventstream\1.0.1\eventstream-1.0.1.jar;C:\Users\fpt_ds_sqa\.m2\repository\software\amazon\awssdk\aws-core\2.27.2\aws-core-2.27.2.jar;C:\Users\fpt_ds_sqa\.m2\repository\software\amazon\awssdk\retries\2.27.2\retries-2.27.2.jar;C:\Users\fpt_ds_sqa\.m2\repository\com\google\guava\failureaccess\1.0.1\failureaccess-1.0.1.jar;C:\Users\fpt_ds_sqa\.m2\repository\com\google\guava\listenablefuture\9999.0-empty-to-avoid-conflict-with-guava\listenablefuture-9999.0-empty-to-avoid-conflict-with-guava.jar;C:\Users\fpt_ds_sqa\.m2\repository\com\google\code\findbugs\jsr305\3.0.2\jsr305-3.0.2.jar;C:\Users\fpt_ds_sqa\.m2\repository\org\checkerframework\checker-qual\3.5.0\checker-qual-3.5.0.jar;C:\Users\fpt_ds_sqa\.m2\repository\com\google\errorprone\error_prone_annotations\2.3.4\error_prone_annotations-2.3.4.jar;C:\Users\fpt_ds_sqa\.m2\repository\com\google\j2objc\j2objc-annotations\1.3\j2objc-annotations-1.3.jar;C:\Users\fpt_ds_sqa\.m2\repository\org\mockito\mockito-core\3.11.2\mockito-core-3.11.2.jar;C:\Users\fpt_ds_sqa\.m2\repository\net\bytebuddy\byte-buddy\1.11.3\byte-buddy-1.11.3.jar;C:\Users\fpt_ds_sqa\.m2\repository\net\bytebuddy\byte-buddy-agent\1.11.3\byte-buddy-agent-1.11.3.jar;C:\Users\fpt_ds_sqa\.m2\repository\org\objenesis\objenesis\3.2\objenesis-3.2.jar;C:\Users\fpt_ds_sqa\.m2\repository\org\junit\jupiter\junit-jupiter-api\5.8.2\junit-jupiter-api-5.8.2.jar;C:\Users\fpt_ds_sqa\.m2\repository\org\opentest4j\opentest4j\1.2.0\opentest4j-1.2.0.jar;C:\Users\fpt_ds_sqa\.m2\repository\org\junit\platform\junit-platform-commons\1.8.2\junit-platform-commons-1.8.2.jar;C:\Users\fpt_ds_sqa\.m2\repository\org\apiguardian\apiguardian-api\1.1.2\apiguardian-api-1.1.2.jar;C:\Users\fpt_ds_sqa\.m2\repository\org\junit\jupiter\junit-jupiter-engine\5.8.2\junit-jupiter-engine-5.8.2.jar;C:\Users\fpt_ds_sqa\.m2\repository\org\junit\platform\junit-platform-engine\1.8.2\junit-platform-engine-1.8.2.jar;C:\Users\fpt_ds_sqa\.m2\repository\org\junit\jupiter\junit-jupiter-params\5.8.2\junit-jupiter-params-5.8.2.jar;"/>
    <property name="java.vm.vendor" value="Oracle Corporation"/>
    <property name="sun.arch.data.model" value="64"/>
    <property name="user.variant" value=""/>
    <property name="java.vendor.url" value="https://java.oracle.com/"/>
    <property name="user.timezone" value="Asia/Saigon"/>
    <property name="os.name" value="Windows 10"/>
    <property name="java.vm.specification.version" value="17"/>
    <property name="sun.java.launcher" value="SUN_STANDARD"/>
    <property name="user.country" value="US"/>
    <property name="sun.boot.library.path" value="C:\Program Files\Java\jdk-17\bin"/>
    <property name="sun.java.command" value="org.apache.maven.surefire.booter.ForkedBooter C:\Users\fpt_ds_sqa\AppData\Local\Temp\surefire8924979941476354446 2024-08-15T08-52-10_005-jvmRun1 surefire8107446029762532014tmp surefire_09588256950074729097tmp"/>
    <property name="jdk.debug" value="release"/>
    <property name="surefire.test.class.path" value="C:\Users\fpt_ds_sqa\Downloads\catpoint-parent_bichvtn2\catpoint-parent\security-service\target\test-classes;C:\Users\fpt_ds_sqa\.m2\repository\software\amazon\awssdk\aws-json-protocol\2.27.2\aws-json-protocol-2.27.2.jar;C:\Users\fpt_ds_sqa\.m2\repository\software\amazon\awssdk\third-party-jackson-core\2.27.2\third-party-jackson-core-2.27.2.jar;C:\Users\fpt_ds_sqa\.m2\repository\software\amazon\awssdk\protocol-core\2.27.2\protocol-core-2.27.2.jar;C:\Users\fpt_ds_sqa\.m2\repository\software\amazon\awssdk\http-auth-aws\2.27.2\http-auth-aws-2.27.2.jar;C:\Users\fpt_ds_sqa\.m2\repository\software\amazon\awssdk\checksums-spi\2.27.2\checksums-spi-2.27.2.jar;C:\Users\fpt_ds_sqa\.m2\repository\software\amazon\awssdk\checksums\2.27.2\checksums-2.27.2.jar;C:\Users\fpt_ds_sqa\.m2\repository\org\reactivestreams\reactive-streams\1.0.4\reactive-streams-1.0.4.jar;C:\Users\fpt_ds_sqa\.m2\repository\software\amazon\awssdk\http-auth-spi\2.27.2\http-auth-spi-2.27.2.jar;C:\Users\fpt_ds_sqa\.m2\repository\software\amazon\awssdk\http-auth\2.27.2\http-auth-2.27.2.jar;C:\Users\fpt_ds_sqa\.m2\repository\software\amazon\awssdk\identity-spi\2.27.2\identity-spi-2.27.2.jar;C:\Users\fpt_ds_sqa\.m2\repository\software\amazon\awssdk\http-client-spi\2.27.2\http-client-spi-2.27.2.jar;C:\Users\fpt_ds_sqa\.m2\repository\software\amazon\awssdk\annotations\2.27.2\annotations-2.27.2.jar;C:\Users\fpt_ds_sqa\.m2\repository\software\amazon\awssdk\utils\2.27.2\utils-2.27.2.jar;C:\Users\fpt_ds_sqa\.m2\repository\software\amazon\awssdk\metrics-spi\2.27.2\metrics-spi-2.27.2.jar;C:\Users\fpt_ds_sqa\.m2\repository\software\amazon\awssdk\json-utils\2.27.2\json-utils-2.27.2.jar;C:\Users\fpt_ds_sqa\.m2\repository\software\amazon\awssdk\endpoints-spi\2.27.2\endpoints-spi-2.27.2.jar;C:\Users\fpt_ds_sqa\.m2\repository\software\amazon\awssdk\retries-spi\2.27.2\retries-spi-2.27.2.jar;C:\Users\fpt_ds_sqa\.m2\repository\software\amazon\awssdk\apache-client\2.27.2\apache-client-2.27.2.jar;C:\Users\fpt_ds_sqa\.m2\repository\org\apache\httpcomponents\httpclient\4.5.13\httpclient-4.5.13.jar;C:\Users\fpt_ds_sqa\.m2\repository\commons-logging\commons-logging\1.2\commons-logging-1.2.jar;C:\Users\fpt_ds_sqa\.m2\repository\org\apache\httpcomponents\httpcore\4.4.16\httpcore-4.4.16.jar;C:\Users\fpt_ds_sqa\.m2\repository\commons-codec\commons-codec\1.17.1\commons-codec-1.17.1.jar;C:\Users\fpt_ds_sqa\.m2\repository\software\amazon\awssdk\netty-nio-client\2.27.2\netty-nio-client-2.27.2.jar;C:\Users\fpt_ds_sqa\.m2\repository\io\netty\netty-codec-http\4.1.112.Final\netty-codec-http-4.1.112.Final.jar;C:\Users\fpt_ds_sqa\.m2\repository\io\netty\netty-codec-http2\4.1.112.Final\netty-codec-http2-4.1.112.Final.jar;C:\Users\fpt_ds_sqa\.m2\repository\io\netty\netty-codec\4.1.112.Final\netty-codec-4.1.112.Final.jar;C:\Users\fpt_ds_sqa\.m2\repository\io\netty\netty-transport\4.1.112.Final\netty-transport-4.1.112.Final.jar;C:\Users\fpt_ds_sqa\.m2\repository\io\netty\netty-common\4.1.112.Final\netty-common-4.1.112.Final.jar;C:\Users\fpt_ds_sqa\.m2\repository\io\netty\netty-buffer\4.1.112.Final\netty-buffer-4.1.112.Final.jar;C:\Users\fpt_ds_sqa\.m2\repository\io\netty\netty-handler\4.1.112.Final\netty-handler-4.1.112.Final.jar;C:\Users\fpt_ds_sqa\.m2\repository\io\netty\netty-transport-native-unix-common\4.1.112.Final\netty-transport-native-unix-common-4.1.112.Final.jar;C:\Users\fpt_ds_sqa\.m2\repository\io\netty\netty-transport-classes-epoll\4.1.112.Final\netty-transport-classes-epoll-4.1.112.Final.jar;C:\Users\fpt_ds_sqa\.m2\repository\io\netty\netty-resolver\4.1.112.Final\netty-resolver-4.1.112.Final.jar;C:\Users\fpt_ds_sqa\.m2\repository\software\amazon\awssdk\profiles\2.27.2\profiles-2.27.2.jar;C:\Users\fpt_ds_sqa\.m2\repository\software\amazon\awssdk\http-auth-aws-eventstream\2.27.2\http-auth-aws-eventstream-2.27.2.jar;C:\Users\fpt_ds_sqa\.m2\repository\software\amazon\eventstream\eventstream\1.0.1\eventstream-1.0.1.jar;C:\Users\fpt_ds_sqa\.m2\repository\software\amazon\awssdk\aws-core\2.27.2\aws-core-2.27.2.jar;C:\Users\fpt_ds_sqa\.m2\repository\software\amazon\awssdk\retries\2.27.2\retries-2.27.2.jar;C:\Users\fpt_ds_sqa\.m2\repository\com\google\guava\failureaccess\1.0.1\failureaccess-1.0.1.jar;C:\Users\fpt_ds_sqa\.m2\repository\com\google\guava\listenablefuture\9999.0-empty-to-avoid-conflict-with-guava\listenablefuture-9999.0-empty-to-avoid-conflict-with-guava.jar;C:\Users\fpt_ds_sqa\.m2\repository\com\google\code\findbugs\jsr305\3.0.2\jsr305-3.0.2.jar;C:\Users\fpt_ds_sqa\.m2\repository\org\checkerframework\checker-qual\3.5.0\checker-qual-3.5.0.jar;C:\Users\fpt_ds_sqa\.m2\repository\com\google\errorprone\error_prone_annotations\2.3.4\error_prone_annotations-2.3.4.jar;C:\Users\fpt_ds_sqa\.m2\repository\com\google\j2objc\j2objc-annotations\1.3\j2objc-annotations-1.3.jar;C:\Users\fpt_ds_sqa\.m2\repository\org\mockito\mockito-core\3.11.2\mockito-core-3.11.2.jar;C:\Users\fpt_ds_sqa\.m2\repository\net\bytebuddy\byte-buddy\1.11.3\byte-buddy-1.11.3.jar;C:\Users\fpt_ds_sqa\.m2\repository\net\bytebuddy\byte-buddy-agent\1.11.3\byte-buddy-agent-1.11.3.jar;C:\Users\fpt_ds_sqa\.m2\repository\org\objenesis\objenesis\3.2\objenesis-3.2.jar;C:\Users\fpt_ds_sqa\.m2\repository\org\junit\jupiter\junit-jupiter-api\5.8.2\junit-jupiter-api-5.8.2.jar;C:\Users\fpt_ds_sqa\.m2\repository\org\opentest4j\opentest4j\1.2.0\opentest4j-1.2.0.jar;C:\Users\fpt_ds_sqa\.m2\repository\org\junit\platform\junit-platform-commons\1.8.2\junit-platform-commons-1.8.2.jar;C:\Users\fpt_ds_sqa\.m2\repository\org\apiguardian\apiguardian-api\1.1.2\apiguardian-api-1.1.2.jar;C:\Users\fpt_ds_sqa\.m2\repository\org\junit\jupiter\junit-jupiter-engine\5.8.2\junit-jupiter-engine-5.8.2.jar;C:\Users\fpt_ds_sqa\.m2\repository\org\junit\platform\junit-platform-engine\1.8.2\junit-platform-engine-1.8.2.jar;C:\Users\fpt_ds_sqa\.m2\repository\org\junit\jupiter\junit-jupiter-params\5.8.2\junit-jupiter-params-5.8.2.jar;"/>
    <property name="sun.cpu.endian" value="little"/>
    <property name="user.home" value="C:\Users\fpt_ds_sqa"/>
    <property name="user.language" value="en"/>
    <property name="java.specification.vendor" value="Oracle Corporation"/>
    <property name="jdk.module.path" value="C:\Users\fpt_ds_sqa\Downloads\catpoint-parent_bichvtn2\catpoint-parent\security-service\target\classes;C:\Users\fpt_ds_sqa\.m2\repository\com\miglayout\miglayout\3.7.4\miglayout-3.7.4.jar;C:\Users\fpt_ds_sqa\Downloads\catpoint-parent_bichvtn2\catpoint-parent\image-service\target\image-service-1.0-SNAPSHOT.jar;C:\Users\fpt_ds_sqa\.m2\repository\software\amazon\awssdk\rekognition\2.27.2\rekognition-2.27.2.jar;C:\Users\fpt_ds_sqa\.m2\repository\software\amazon\awssdk\sdk-core\2.27.2\sdk-core-2.27.2.jar;C:\Users\fpt_ds_sqa\.m2\repository\software\amazon\awssdk\auth\2.27.2\auth-2.27.2.jar;C:\Users\fpt_ds_sqa\.m2\repository\software\amazon\awssdk\regions\2.27.2\regions-2.27.2.jar;C:\Users\fpt_ds_sqa\.m2\repository\org\slf4j\slf4j-api\2.0.16\slf4j-api-2.0.16.jar;C:\Users\fpt_ds_sqa\.m2\repository\com\google\guava\guava\30.1-jre\guava-30.1-jre.jar;C:\Users\fpt_ds_sqa\.m2\repository\com\google\code\gson\gson\2.8.8\gson-2.8.8.jar"/>
    <property name="java.version.date" value="2024-07-16"/>
    <property name="java.home" value="C:\Program Files\Java\jdk-17"/>
    <property name="file.separator" value="\"/>
    <property name="basedir" value="C:\Users\fpt_ds_sqa\Downloads\catpoint-parent_bichvtn2\catpoint-parent\security-service"/>
    <property name="java.vm.compressedOopsMode" value="Zero based"/>
    <property name="line.separator" value="&#10;"/>
    <property name="java.vm.specification.vendor" value="Oracle Corporation"/>
    <property name="java.specification.name" value="Java Platform API Specification"/>
    <property name="surefire.real.class.path" value="C:\Users\fpt_ds_sqa\.m2\repository\org\apache\maven\surefire\surefire-booter\3.0.0-M5\surefire-booter-3.0.0-M5.jar;C:\Users\fpt_ds_sqa\.m2\repository\org\apache\maven\surefire\surefire-api\3.0.0-M5\surefire-api-3.0.0-M5.jar;C:\Users\fpt_ds_sqa\.m2\repository\org\apache\maven\surefire\surefire-logger-api\3.0.0-M5\surefire-logger-api-3.0.0-M5.jar;C:\Users\fpt_ds_sqa\.m2\repository\org\apache\maven\surefire\surefire-shared-utils\3.0.0-M4\surefire-shared-utils-3.0.0-M4.jar;C:\Users\fpt_ds_sqa\.m2\repository\org\apache\maven\surefire\surefire-extensions-spi\3.0.0-M5\surefire-extensions-spi-3.0.0-M5.jar;C:\Users\fpt_ds_sqa\Downloads\catpoint-parent_bichvtn2\catpoint-parent\security-service\target\test-classes;C:\Users\fpt_ds_sqa\.m2\repository\software\amazon\awssdk\aws-json-protocol\2.27.2\aws-json-protocol-2.27.2.jar;C:\Users\fpt_ds_sqa\.m2\repository\software\amazon\awssdk\third-party-jackson-core\2.27.2\third-party-jackson-core-2.27.2.jar;C:\Users\fpt_ds_sqa\.m2\repository\software\amazon\awssdk\protocol-core\2.27.2\protocol-core-2.27.2.jar;C:\Users\fpt_ds_sqa\.m2\repository\software\amazon\awssdk\http-auth-aws\2.27.2\http-auth-aws-2.27.2.jar;C:\Users\fpt_ds_sqa\.m2\repository\software\amazon\awssdk\checksums-spi\2.27.2\checksums-spi-2.27.2.jar;C:\Users\fpt_ds_sqa\.m2\repository\software\amazon\awssdk\checksums\2.27.2\checksums-2.27.2.jar;C:\Users\fpt_ds_sqa\.m2\repository\org\reactivestreams\reactive-streams\1.0.4\reactive-streams-1.0.4.jar;C:\Users\fpt_ds_sqa\.m2\repository\software\amazon\awssdk\http-auth-spi\2.27.2\http-auth-spi-2.27.2.jar;C:\Users\fpt_ds_sqa\.m2\repository\software\amazon\awssdk\http-auth\2.27.2\http-auth-2.27.2.jar;C:\Users\fpt_ds_sqa\.m2\repository\software\amazon\awssdk\identity-spi\2.27.2\identity-spi-2.27.2.jar;C:\Users\fpt_ds_sqa\.m2\repository\software\amazon\awssdk\http-client-spi\2.27.2\http-client-spi-2.27.2.jar;C:\Users\fpt_ds_sqa\.m2\repository\software\amazon\awssdk\annotations\2.27.2\annotations-2.27.2.jar;C:\Users\fpt_ds_sqa\.m2\repository\software\amazon\awssdk\utils\2.27.2\utils-2.27.2.jar;C:\Users\fpt_ds_sqa\.m2\repository\software\amazon\awssdk\metrics-spi\2.27.2\metrics-spi-2.27.2.jar;C:\Users\fpt_ds_sqa\.m2\repository\software\amazon\awssdk\json-utils\2.27.2\json-utils-2.27.2.jar;C:\Users\fpt_ds_sqa\.m2\repository\software\amazon\awssdk\endpoints-spi\2.27.2\endpoints-spi-2.27.2.jar;C:\Users\fpt_ds_sqa\.m2\repository\software\amazon\awssdk\retries-spi\2.27.2\retries-spi-2.27.2.jar;C:\Users\fpt_ds_sqa\.m2\repository\software\amazon\awssdk\apache-client\2.27.2\apache-client-2.27.2.jar;C:\Users\fpt_ds_sqa\.m2\repository\org\apache\httpcomponents\httpclient\4.5.13\httpclient-4.5.13.jar;C:\Users\fpt_ds_sqa\.m2\repository\commons-logging\commons-logging\1.2\commons-logging-1.2.jar;C:\Users\fpt_ds_sqa\.m2\repository\org\apache\httpcomponents\httpcore\4.4.16\httpcore-4.4.16.jar;C:\Users\fpt_ds_sqa\.m2\repository\commons-codec\commons-codec\1.17.1\commons-codec-1.17.1.jar;C:\Users\fpt_ds_sqa\.m2\repository\software\amazon\awssdk\netty-nio-client\2.27.2\netty-nio-client-2.27.2.jar;C:\Users\fpt_ds_sqa\.m2\repository\io\netty\netty-codec-http\4.1.112.Final\netty-codec-http-4.1.112.Final.jar;C:\Users\fpt_ds_sqa\.m2\repository\io\netty\netty-codec-http2\4.1.112.Final\netty-codec-http2-4.1.112.Final.jar;C:\Users\fpt_ds_sqa\.m2\repository\io\netty\netty-codec\4.1.112.Final\netty-codec-4.1.112.Final.jar;C:\Users\fpt_ds_sqa\.m2\repository\io\netty\netty-transport\4.1.112.Final\netty-transport-4.1.112.Final.jar;C:\Users\fpt_ds_sqa\.m2\repository\io\netty\netty-common\4.1.112.Final\netty-common-4.1.112.Final.jar;C:\Users\fpt_ds_sqa\.m2\repository\io\netty\netty-buffer\4.1.112.Final\netty-buffer-4.1.112.Final.jar;C:\Users\fpt_ds_sqa\.m2\repository\io\netty\netty-handler\4.1.112.Final\netty-handler-4.1.112.Final.jar;C:\Users\fpt_ds_sqa\.m2\repository\io\netty\netty-transport-native-unix-common\4.1.112.Final\netty-transport-native-unix-common-4.1.112.Final.jar;C:\Users\fpt_ds_sqa\.m2\repository\io\netty\netty-transport-classes-epoll\4.1.112.Final\netty-transport-classes-epoll-4.1.112.Final.jar;C:\Users\fpt_ds_sqa\.m2\repository\io\netty\netty-resolver\4.1.112.Final\netty-resolver-4.1.112.Final.jar;C:\Users\fpt_ds_sqa\.m2\repository\software\amazon\awssdk\profiles\2.27.2\profiles-2.27.2.jar;C:\Users\fpt_ds_sqa\.m2\repository\software\amazon\awssdk\http-auth-aws-eventstream\2.27.2\http-auth-aws-eventstream-2.27.2.jar;C:\Users\fpt_ds_sqa\.m2\repository\software\amazon\eventstream\eventstream\1.0.1\eventstream-1.0.1.jar;C:\Users\fpt_ds_sqa\.m2\repository\software\amazon\awssdk\aws-core\2.27.2\aws-core-2.27.2.jar;C:\Users\fpt_ds_sqa\.m2\repository\software\amazon\awssdk\retries\2.27.2\retries-2.27.2.jar;C:\Users\fpt_ds_sqa\.m2\repository\com\google\guava\failureaccess\1.0.1\failureaccess-1.0.1.jar;C:\Users\fpt_ds_sqa\.m2\repository\com\google\guava\listenablefuture\9999.0-empty-to-avoid-conflict-with-guava\listenablefuture-9999.0-empty-to-avoid-conflict-with-guava.jar;C:\Users\fpt_ds_sqa\.m2\repository\com\google\code\findbugs\jsr305\3.0.2\jsr305-3.0.2.jar;C:\Users\fpt_ds_sqa\.m2\repository\org\checkerframework\checker-qual\3.5.0\checker-qual-3.5.0.jar;C:\Users\fpt_ds_sqa\.m2\repository\com\google\errorprone\error_prone_annotations\2.3.4\error_prone_annotations-2.3.4.jar;C:\Users\fpt_ds_sqa\.m2\repository\com\google\j2objc\j2objc-annotations\1.3\j2objc-annotations-1.3.jar;C:\Users\fpt_ds_sqa\.m2\repository\org\mockito\mockito-core\3.11.2\mockito-core-3.11.2.jar;C:\Users\fpt_ds_sqa\.m2\repository\net\bytebuddy\byte-buddy\1.11.3\byte-buddy-1.11.3.jar;C:\Users\fpt_ds_sqa\.m2\repository\net\bytebuddy\byte-buddy-agent\1.11.3\byte-buddy-agent-1.11.3.jar;C:\Users\fpt_ds_sqa\.m2\repository\org\objenesis\objenesis\3.2\objenesis-3.2.jar;C:\Users\fpt_ds_sqa\.m2\repository\org\junit\jupiter\junit-jupiter-api\5.8.2\junit-jupiter-api-5.8.2.jar;C:\Users\fpt_ds_sqa\.m2\repository\org\opentest4j\opentest4j\1.2.0\opentest4j-1.2.0.jar;C:\Users\fpt_ds_sqa\.m2\repository\org\junit\platform\junit-platform-commons\1.8.2\junit-platform-commons-1.8.2.jar;C:\Users\fpt_ds_sqa\.m2\repository\org\apiguardian\apiguardian-api\1.1.2\apiguardian-api-1.1.2.jar;C:\Users\fpt_ds_sqa\.m2\repository\org\junit\jupiter\junit-jupiter-engine\5.8.2\junit-jupiter-engine-5.8.2.jar;C:\Users\fpt_ds_sqa\.m2\repository\org\junit\platform\junit-platform-engine\1.8.2\junit-platform-engine-1.8.2.jar;C:\Users\fpt_ds_sqa\.m2\repository\org\junit\jupiter\junit-jupiter-params\5.8.2\junit-jupiter-params-5.8.2.jar;C:\Users\fpt_ds_sqa\.m2\repository\org\apache\maven\surefire\surefire-junit-platform\3.0.0-M5\surefire-junit-platform-3.0.0-M5.jar;C:\Users\fpt_ds_sqa\.m2\repository\org\apache\maven\surefire\common-java5\3.0.0-M5\common-java5-3.0.0-M5.jar;C:\Users\fpt_ds_sqa\.m2\repository\org\junit\platform\junit-platform-launcher\1.8.2\junit-platform-launcher-1.8.2.jar"/>
    <property name="user.script" value=""/>
    <property name="sun.management.compiler" value="HotSpot 64-Bit Tiered Compilers"/>
    <property name="java.runtime.version" value="17.0.12+8-LTS-286"/>
    <property name="user.name" value="fpt_ds_sqa"/>
    <property name="path.separator" value=";"/>
    <property name="os.version" value="10.0"/>
    <property name="java.runtime.name" value="Java(TM) SE Runtime Environment"/>
    <property name="file.encoding" value="Cp1252"/>
    <property name="java.vm.name" value="Java HotSpot(TM) 64-Bit Server VM"/>
    <property name="localRepository" value="C:\Users\fpt_ds_sqa\.m2\repository"/>
    <property name="java.vendor.url.bug" value="https://bugreport.java.com/bugreport/"/>
    <property name="java.io.tmpdir" value="C:\Users\FPT_DS~1\AppData\Local\Temp\"/>
    <property name="java.version" value="17.0.12"/>
    <property name="user.dir" value="C:\Users\fpt_ds_sqa\Downloads\catpoint-parent_bichvtn2\catpoint-parent\security-service"/>
    <property name="os.arch" value="amd64"/>
    <property name="java.vm.specification.name" value="Java Virtual Machine Specification"/>
    <property name="sun.os.patch.level" value=""/>
    <property name="native.encoding" value="Cp1252"/>
    <property name="java.library.path" value="C:\Program Files\Java\jdk-17\bin;C:\WINDOWS\Sun\Java\bin;C:\WINDOWS\system32;C:\WINDOWS;C:\Program Files\Common Files\Oracle\Java\javapath;C:\Program Files\Python39\Scripts\;C:\Program Files\Python39\;C:\Program Files\Python311\Scripts\;C:\Program Files\Python311\;C:\Program Files (x86)\Common Files\Oracle\Java\javapath;C:\WINDOWS\system32;C:\WINDOWS;C:\WINDOWS\System32\Wbem;C:\WINDOWS\System32\WindowsPowerShell\v1.0\;C:\WINDOWS\System32\OpenSSH\;C:\Program Files\PuTTY\;C:\Program Files\Git\cmd;C:\iperf\iperf-2.0.9-win64;C:\iperf\iperf-3.1.3-win64;C:\Program Files\Java\jdk-17\bin;C:\Users\fpt_ds_sqa\AppData\Local\Programs\Python\Python310;C:\Users\fpt_ds_sqa\AppData\Local\Programs\Python\Python310\Scripts;C:\Users\fpt_ds_sqa\AppData\Local\Android\Sdk\platform-tools;C:\Simplicity_Commander;C:\platform-tools;C:\ProgramData\Microsoft\Windows\Start Menu\Programs\SEGGER - J-Link V7.94;C:\Program Files\Maven\apache-maven-3.9.4\bin;C:\Users\fpt_ds_sqa\AppData\Local\Microsoft\WindowsApps;;C:\Users\fpt_ds_sqa\AppData\Local\Programs\Microsoft VS Code\bin;C:\Program Files\JetBrains\IntelliJ IDEA 2024.1.4\bin;;."/>
    <property name="java.vm.info" value="mixed mode"/>
    <property name="java.vendor" value="Oracle Corporation"/>
    <property name="java.vm.version" value="17.0.12+8-LTS-286"/>
    <property name="sun.io.unicode.encoding" value="UnicodeLittle"/>
    <property name="java.class.version" value="61.0"/>
  </properties>
  <testcase name="ifImageServiceIdentifiesCatWhileSystemIsArmedHome_setAlarmStatusToAlarm" classname="com.udacity.catpoint.security.service.SecurityServiceTest" time="0.72"/>
  <testcase name="ifSensorIsDeactivatedWhileAlreadyInactive_makeNoChangesToAlarmState" classname="com.udacity.catpoint.security.service.SecurityServiceTest" time="0.003"/>
  <testcase name="ifImageServiceIdentifiesNoCat_changeStatusToNoAlarmIfSensorsAreNotActive" classname="com.udacity.catpoint.security.service.SecurityServiceTest" time="0.002"/>
  <testcase name="ifAlarmIsArmedAndSensorBecomesActivatedAndSystemIsAlreadyPendingAlarm_setAlarmStatusToAlarm" classname="com.udacity.catpoint.security.service.SecurityServiceTest" time="0.002"/>
  <testcase name="ifSensorIsActivatedWhileAlreadyActiveAndSystemIsInPendingState_changeItToAlarmState" classname="com.udacity.catpoint.security.service.SecurityServiceTest" time="0.003"/>
  <testcase name="ifSystemIsArmedHomeAndCameraShowsCat_setAlarmStatusToAlarm" classname="com.udacity.catpoint.security.service.SecurityServiceTest" time="0.004"/>
  <testcase name="ifAlarmIsActive_changeInSensorStateShouldNotAffectAlarmState(boolean)[1]" classname="com.udacity.catpoint.security.service.SecurityServiceTest" time="0.027"/>
  <testcase name="ifAlarmIsActive_changeInSensorStateShouldNotAffectAlarmState(boolean)[2]" classname="com.udacity.catpoint.security.service.SecurityServiceTest" time="0.004"/>
  <testcase name="ifAlarmIsArmedAndSensorBecomesActivated_systemShouldGoToPendingAlarmState" classname="com.udacity.catpoint.security.service.SecurityServiceTest" time="0.003"/>
  <testcase name="ifSystemIsDisarmed_setStatusToNoAlarm(AlarmStatus)[1]" classname="com.udacity.catpoint.security.service.SecurityServiceTest" time="0.003"/>
  <testcase name="ifSystemIsDisarmed_setStatusToNoAlarm(AlarmStatus)[2]" classname="com.udacity.catpoint.security.service.SecurityServiceTest" time="0.002"/>
  <testcase name="ifSystemIsArmed_resetAllSensorsToInactive(ArmingStatus)[1]" classname="com.udacity.catpoint.security.service.SecurityServiceTest" time="0.007"/>
  <testcase name="ifSystemIsArmed_resetAllSensorsToInactive(ArmingStatus)[2]" classname="com.udacity.catpoint.security.service.SecurityServiceTest" time="0.004"/>
  <testcase name="ifPendingAlarmAndAllSensorsAreInactive_returnToNoAlarmState" classname="com.udacity.catpoint.security.service.SecurityServiceTest" time="0.002"/>
</testsuite>